Build started 12-01-2013 12:15:26.
     1>Project "D:\Trabalhos\Trabalhos-ISEP\3º Ano\1º Semestre\LAPRV\Trabalho-bitbucket\WebService\WebService.vcxproj" on node 3 (Rebuild target(s)).
     1>ClCompile:
         C:\Program Files (x86)\Microsoft Visual Studio 11.0\VC\bin\CL.exe /c /ZI /nologo /W3 /WX- /sdl /Od /Oy- /D WIN32 /D _DEBUG /D _CONSOLE /D _UNICODE /D UNICODE /D _ATL_STATIC_REGISTRY /Gm /EHsc /RTC1 /MDd /GS /fp:precise /Zc:wchar_t /Zc:forScope /Yc"stdafx.h" /Fp"Debug\WebService.pch" /Fo"Debug\\" /Fd"Debug\vc110.pdb" /Gd /TP /analyze- /errorReport:prompt stdafx.cpp
         stdafx.cpp
         C:\Program Files (x86)\Microsoft Visual Studio 11.0\VC\bin\CL.exe /c /ZI /nologo /W3 /WX- /sdl /Od /Oy- /D WIN32 /D _DEBUG /D _CONSOLE /D _UNICODE /D UNICODE /D _ATL_STATIC_REGISTRY /Gm /EHsc /RTC1 /MDd /GS /fp:precise /Zc:wchar_t /Zc:forScope /Fo"Debug\\" /Fd"Debug\vc110.pdb" /Gd /TC /analyze- /errorReport:prompt schema.xsd.c schemas.microsoft.com.2003.10.Serialization.Arrays.xsd.c schemas.microsoft.com.2003.10.Serialization.xsd.c tempuri.org.wsdl.c tempuri.org.xsd.c
         tempuri.org.xsd.c
         tempuri.org.wsdl.c
         schemas.microsoft.com.2003.10.Serialization.xsd.c
         schemas.microsoft.com.2003.10.Serialization.Arrays.xsd.c
         schema.xsd.c
         Generating Code...
         C:\Program Files (x86)\Microsoft Visual Studio 11.0\VC\bin\CL.exe /c /ZI /nologo /W3 /WX- /sdl /Od /Oy- /D WIN32 /D _DEBUG /D _CONSOLE /D _UNICODE /D UNICODE /D _ATL_STATIC_REGISTRY /Gm /EHsc /RTC1 /MDd /GS /fp:precise /Zc:wchar_t /Zc:forScope /Fo"Debug\\" /Fd"Debug\vc110.pdb" /Gd /TP /analyze- /errorReport:prompt WebService.cpp
         WebService.cpp
       Link:
         C:\Program Files (x86)\Microsoft Visual Studio 11.0\VC\bin\link.exe /ERRORREPORT:PROMPT /OUT:"D:\Trabalhos\Trabalhos-ISEP\3º Ano\1º Semestre\LAPRV\Trabalho-bitbucket\Graphs4Social_3D\Debug\WebService.exe" /INCREMENTAL /NOLOGO kernel32.lib user32.lib gdi32.lib winspool.lib comdlg32.lib advapi32.lib shell32.lib ole32.lib oleaut32.lib uuid.lib odbc32.lib odbccp32.lib WebServices.lib kernel32.lib user32.lib gdi32.lib winspool.lib comdlg32.lib advapi32.lib shell32.lib ole32.lib oleaut32.lib uuid.lib odbc32.lib odbccp32.lib /MANIFEST /MANIFESTUAC:"level='asInvoker' uiAccess='false'" /manifest:embed /DEBUG /PDB:"D:\Trabalhos\Trabalhos-ISEP\3º Ano\1º Semestre\LAPRV\Trabalho-bitbucket\Graphs4Social_3D\Debug\WebService.pdb" /SUBSYSTEM:CONSOLE /TLBID:1 /DYNAMICBASE /NXCOMPAT /IMPLIB:"D:\Trabalhos\Trabalhos-ISEP\3º Ano\1º Semestre\LAPRV\Trabalho-bitbucket\Graphs4Social_3D\Debug\WebService.lib" /MACHINE:X86 Debug\schema.xsd.obj
         Debug\schemas.microsoft.com.2003.10.Serialization.Arrays.xsd.obj
         Debug\schemas.microsoft.com.2003.10.Serialization.xsd.obj
         Debug\stdafx.obj
         Debug\tempuri.org.wsdl.obj
         Debug\tempuri.org.xsd.obj
         Debug\WebService.obj
         WebService.vcxproj -> D:\Trabalhos\Trabalhos-ISEP\3º Ano\1º Semestre\LAPRV\Trabalho-bitbucket\Graphs4Social_3D\Debug\WebService.exe
     1>Done Building Project "D:\Trabalhos\Trabalhos-ISEP\3º Ano\1º Semestre\LAPRV\Trabalho-bitbucket\WebService\WebService.vcxproj" (Rebuild target(s)).

Build succeeded.

Time Elapsed 00:00:07.67
