D:\TRABALHOS\TRABALHOS-ISEP\3º ANO\1º SEMESTRE\LAPRV\TRABALHO-BITBUCKET\WEBSERVICE\DEBUG\WEBSERVICE.PCH
D:\TRABALHOS\TRABALHOS-ISEP\3º ANO\1º SEMESTRE\LAPRV\TRABALHO-BITBUCKET\WEBSERVICE\DEBUG\STDAFX.OBJ
D:\TRABALHOS\TRABALHOS-ISEP\3º ANO\1º SEMESTRE\LAPRV\TRABALHO-BITBUCKET\WEBSERVICE\DEBUG\VC110.PDB
D:\TRABALHOS\TRABALHOS-ISEP\3º ANO\1º SEMESTRE\LAPRV\TRABALHO-BITBUCKET\WEBSERVICE\DEBUG\SCHEMA.XSD.OBJ
D:\TRABALHOS\TRABALHOS-ISEP\3º ANO\1º SEMESTRE\LAPRV\TRABALHO-BITBUCKET\WEBSERVICE\DEBUG\SCHEMAS.MICROSOFT.COM.2003.10.SERIALIZATION.ARRAYS.XSD.OBJ
D:\TRABALHOS\TRABALHOS-ISEP\3º ANO\1º SEMESTRE\LAPRV\TRABALHO-BITBUCKET\WEBSERVICE\DEBUG\SCHEMAS.MICROSOFT.COM.2003.10.SERIALIZATION.XSD.OBJ
D:\TRABALHOS\TRABALHOS-ISEP\3º ANO\1º SEMESTRE\LAPRV\TRABALHO-BITBUCKET\WEBSERVICE\DEBUG\TEMPURI.ORG.WSDL.OBJ
D:\TRABALHOS\TRABALHOS-ISEP\3º ANO\1º SEMESTRE\LAPRV\TRABALHO-BITBUCKET\WEBSERVICE\DEBUG\TEMPURI.ORG.XSD.OBJ
D:\TRABALHOS\TRABALHOS-ISEP\3º ANO\1º SEMESTRE\LAPRV\TRABALHO-BITBUCKET\WEBSERVICE\DEBUG\WEBSERVICE.OBJ
D:\TRABALHOS\TRABALHOS-ISEP\3º ANO\1º SEMESTRE\LAPRV\TRABALHO-BITBUCKET\GRAPHS4SOCIAL_3D\DEBUG\WEBSERVICE.ILK
D:\TRABALHOS\TRABALHOS-ISEP\3º ANO\1º SEMESTRE\LAPRV\TRABALHO-BITBUCKET\GRAPHS4SOCIAL_3D\DEBUG\WEBSERVICE.EXE
D:\TRABALHOS\TRABALHOS-ISEP\3º ANO\1º SEMESTRE\LAPRV\TRABALHO-BITBUCKET\GRAPHS4SOCIAL_3D\DEBUG\WEBSERVICE.PDB
D:\Trabalhos\Trabalhos-ISEP\3º Ano\1º Semestre\LAPRV\Trabalho-bitbucket\WebService\Debug\schema.xsd.obj
D:\Trabalhos\Trabalhos-ISEP\3º Ano\1º Semestre\LAPRV\Trabalho-bitbucket\WebService\Debug\schemas.microsoft.com.2003.10.Serialization.Arrays.xsd.obj
D:\Trabalhos\Trabalhos-ISEP\3º Ano\1º Semestre\LAPRV\Trabalho-bitbucket\WebService\Debug\schemas.microsoft.com.2003.10.Serialization.xsd.obj
D:\Trabalhos\Trabalhos-ISEP\3º Ano\1º Semestre\LAPRV\Trabalho-bitbucket\WebService\Debug\stdafx.obj
D:\Trabalhos\Trabalhos-ISEP\3º Ano\1º Semestre\LAPRV\Trabalho-bitbucket\WebService\Debug\tempuri.org.wsdl.obj
D:\Trabalhos\Trabalhos-ISEP\3º Ano\1º Semestre\LAPRV\Trabalho-bitbucket\WebService\Debug\tempuri.org.xsd.obj
D:\Trabalhos\Trabalhos-ISEP\3º Ano\1º Semestre\LAPRV\Trabalho-bitbucket\WebService\Debug\WebService.obj
D:\Trabalhos\Trabalhos-ISEP\3º Ano\1º Semestre\LAPRV\Trabalho-bitbucket\WebService\Debug\cl.command.1.tlog
D:\Trabalhos\Trabalhos-ISEP\3º Ano\1º Semestre\LAPRV\Trabalho-bitbucket\WebService\Debug\CL.read.1.tlog
D:\Trabalhos\Trabalhos-ISEP\3º Ano\1º Semestre\LAPRV\Trabalho-bitbucket\WebService\Debug\CL.write.1.tlog
D:\Trabalhos\Trabalhos-ISEP\3º Ano\1º Semestre\LAPRV\Trabalho-bitbucket\WebService\Debug\link-cvtres.read.1.tlog
D:\Trabalhos\Trabalhos-ISEP\3º Ano\1º Semestre\LAPRV\Trabalho-bitbucket\WebService\Debug\link-cvtres.write.1.tlog
D:\Trabalhos\Trabalhos-ISEP\3º Ano\1º Semestre\LAPRV\Trabalho-bitbucket\WebService\Debug\link-rc.read.1.tlog
D:\Trabalhos\Trabalhos-ISEP\3º Ano\1º Semestre\LAPRV\Trabalho-bitbucket\WebService\Debug\link-rc.write.1.tlog
D:\Trabalhos\Trabalhos-ISEP\3º Ano\1º Semestre\LAPRV\Trabalho-bitbucket\WebService\Debug\link.command.1.tlog
D:\Trabalhos\Trabalhos-ISEP\3º Ano\1º Semestre\LAPRV\Trabalho-bitbucket\WebService\Debug\link.read.1.tlog
D:\Trabalhos\Trabalhos-ISEP\3º Ano\1º Semestre\LAPRV\Trabalho-bitbucket\WebService\Debug\link.write.1.tlog
D:\Trabalhos\Trabalhos-ISEP\3º Ano\1º Semestre\LAPRV\Trabalho-bitbucket\WebService\Debug\WebService.pch
D:\Trabalhos\Trabalhos-ISEP\3º Ano\1º Semestre\LAPRV\Trabalho-bitbucket\WebService\Debug\vc110.idb
D:\Trabalhos\Trabalhos-ISEP\3º Ano\1º Semestre\LAPRV\Trabalho-bitbucket\WebService\Debug\vc110.pdb
D:\Trabalhos\Trabalhos-ISEP\3º Ano\1º Semestre\LAPRV\Trabalho-bitbucket\Graphs4Social_3D\Debug\WebService.exe
