C:\USERS\LENIKER\DESKTOP\LAPR V\GRAPHS4SOCIAL_3D\DEBUG\GRAFOS.OBJ
C:\USERS\LENIKER\DESKTOP\LAPR V\GRAPHS4SOCIAL_3D\DEBUG\LAPR5.OBJ
C:\USERS\LENIKER\DESKTOP\LAPR V\GRAPHS4SOCIAL_3D\DEBUG\MATH.OBJ
C:\USERS\LENIKER\DESKTOP\LAPR V\GRAPHS4SOCIAL_3D\DEBUG\MDLVIEWER.OBJ
C:\USERS\LENIKER\DESKTOP\LAPR V\GRAPHS4SOCIAL_3D\DEBUG\STUDIO_RENDER.OBJ
C:\USERS\LENIKER\DESKTOP\LAPR V\GRAPHS4SOCIAL_3D\DEBUG\STUDIO_UTILS.OBJ
C:\USERS\LENIKER\DESKTOP\LAPR V\GRAPHS4SOCIAL_3D\DEBUG\VC110.PDB
C:\USERS\LENIKER\DESKTOP\LAPR V\GRAPHS4SOCIAL_3D\DEBUG\READJPEG.OBJ
C:\USERS\LENIKER\DESKTOP\LAPR V\GRAPHS4SOCIAL_3D\DEBUG\STDAFX.OBJ
C:\USERS\LENIKER\DESKTOP\LAPR V\GRAPHS4SOCIAL_3D\DEBUG\WEBSERVICE.OBJ
C:\USERS\LENIKER\DESKTOP\LAPR V\GRAPHS4SOCIAL_3D\DEBUG\SCHEMAS.MICROSOFT.COM.2003.10.SERIALIZATION.XSD.OBJ
C:\USERS\LENIKER\DESKTOP\LAPR V\GRAPHS4SOCIAL_3D\DEBUG\TEMPURI.ORG.WSDL.OBJ
C:\USERS\LENIKER\DESKTOP\LAPR V\GRAPHS4SOCIAL_3D\DEBUG\TEMPURI.ORG.XSD.OBJ
C:\USERS\LENIKER\DESKTOP\LAPR V\GRAPHS4SOCIAL_3D\DEBUG\LAPR5.ILK
C:\USERS\LENIKER\DESKTOP\LAPR V\GRAPHS4SOCIAL_3D\DEBUG\LAPR5.EXE
C:\USERS\LENIKER\DESKTOP\LAPR V\GRAPHS4SOCIAL_3D\DEBUG\LAPR5.PDB
C:\Users\leniker\Desktop\LAPR V\Graphs4Social_3D\Debug\grafos.obj
C:\Users\leniker\Desktop\LAPR V\Graphs4Social_3D\Debug\lapr5.obj
C:\Users\leniker\Desktop\LAPR V\Graphs4Social_3D\Debug\math.obj
C:\Users\leniker\Desktop\LAPR V\Graphs4Social_3D\Debug\mdlviewer.obj
C:\Users\leniker\Desktop\LAPR V\Graphs4Social_3D\Debug\readjpeg.obj
C:\Users\leniker\Desktop\LAPR V\Graphs4Social_3D\Debug\schemas.microsoft.com.2003.10.Serialization.xsd.obj
C:\Users\leniker\Desktop\LAPR V\Graphs4Social_3D\Debug\stdafx.obj
C:\Users\leniker\Desktop\LAPR V\Graphs4Social_3D\Debug\studio_render.obj
C:\Users\leniker\Desktop\LAPR V\Graphs4Social_3D\Debug\studio_utils.obj
C:\Users\leniker\Desktop\LAPR V\Graphs4Social_3D\Debug\tempuri.org.wsdl.obj
C:\Users\leniker\Desktop\LAPR V\Graphs4Social_3D\Debug\tempuri.org.xsd.obj
C:\Users\leniker\Desktop\LAPR V\Graphs4Social_3D\Debug\webservice.obj
C:\Users\leniker\Desktop\LAPR V\Graphs4Social_3D\Debug\Lapr5.ilk
C:\Users\leniker\Desktop\LAPR V\Graphs4Social_3D\Debug\cl.command.1.tlog
C:\Users\leniker\Desktop\LAPR V\Graphs4Social_3D\Debug\CL.read.1.tlog
C:\Users\leniker\Desktop\LAPR V\Graphs4Social_3D\Debug\CL.write.1.tlog
C:\Users\leniker\Desktop\LAPR V\Graphs4Social_3D\Debug\link-cvtres.read.1.tlog
C:\Users\leniker\Desktop\LAPR V\Graphs4Social_3D\Debug\link-cvtres.write.1.tlog
C:\Users\leniker\Desktop\LAPR V\Graphs4Social_3D\Debug\link-rc.read.1.tlog
C:\Users\leniker\Desktop\LAPR V\Graphs4Social_3D\Debug\link-rc.write.1.tlog
C:\Users\leniker\Desktop\LAPR V\Graphs4Social_3D\Debug\link.2696-cvtres.read.1.tlog
C:\Users\leniker\Desktop\LAPR V\Graphs4Social_3D\Debug\link.2696-cvtres.write.1.tlog
C:\Users\leniker\Desktop\LAPR V\Graphs4Social_3D\Debug\link.2696-rc.read.1.tlog
C:\Users\leniker\Desktop\LAPR V\Graphs4Social_3D\Debug\link.2696-rc.write.1.tlog
C:\Users\leniker\Desktop\LAPR V\Graphs4Social_3D\Debug\link.2696.read.1.tlog
C:\Users\leniker\Desktop\LAPR V\Graphs4Social_3D\Debug\link.2696.write.1.tlog
C:\Users\leniker\Desktop\LAPR V\Graphs4Social_3D\Debug\link.5140-cvtres.read.1.tlog
C:\Users\leniker\Desktop\LAPR V\Graphs4Social_3D\Debug\link.5140-cvtres.write.1.tlog
C:\Users\leniker\Desktop\LAPR V\Graphs4Social_3D\Debug\link.5140-rc.read.1.tlog
C:\Users\leniker\Desktop\LAPR V\Graphs4Social_3D\Debug\link.5140-rc.write.1.tlog
C:\Users\leniker\Desktop\LAPR V\Graphs4Social_3D\Debug\link.5140.read.1.tlog
C:\Users\leniker\Desktop\LAPR V\Graphs4Social_3D\Debug\link.5140.write.1.tlog
C:\Users\leniker\Desktop\LAPR V\Graphs4Social_3D\Debug\link.6440-cvtres.read.1.tlog
C:\Users\leniker\Desktop\LAPR V\Graphs4Social_3D\Debug\link.6440-cvtres.write.1.tlog
C:\Users\leniker\Desktop\LAPR V\Graphs4Social_3D\Debug\link.6440-rc.read.1.tlog
C:\Users\leniker\Desktop\LAPR V\Graphs4Social_3D\Debug\link.6440-rc.write.1.tlog
C:\Users\leniker\Desktop\LAPR V\Graphs4Social_3D\Debug\link.6440.read.1.tlog
C:\Users\leniker\Desktop\LAPR V\Graphs4Social_3D\Debug\link.6440.write.1.tlog
C:\Users\leniker\Desktop\LAPR V\Graphs4Social_3D\Debug\link.6920-cvtres.read.1.tlog
C:\Users\leniker\Desktop\LAPR V\Graphs4Social_3D\Debug\link.6920-cvtres.write.1.tlog
C:\Users\leniker\Desktop\LAPR V\Graphs4Social_3D\Debug\link.6920-rc.read.1.tlog
C:\Users\leniker\Desktop\LAPR V\Graphs4Social_3D\Debug\link.6920-rc.write.1.tlog
C:\Users\leniker\Desktop\LAPR V\Graphs4Social_3D\Debug\link.6920.read.1.tlog
C:\Users\leniker\Desktop\LAPR V\Graphs4Social_3D\Debug\link.6920.write.1.tlog
C:\Users\leniker\Desktop\LAPR V\Graphs4Social_3D\Debug\link.7864-cvtres.read.1.tlog
C:\Users\leniker\Desktop\LAPR V\Graphs4Social_3D\Debug\link.7864-cvtres.write.1.tlog
C:\Users\leniker\Desktop\LAPR V\Graphs4Social_3D\Debug\link.7864-rc.read.1.tlog
C:\Users\leniker\Desktop\LAPR V\Graphs4Social_3D\Debug\link.7864-rc.write.1.tlog
C:\Users\leniker\Desktop\LAPR V\Graphs4Social_3D\Debug\link.7864.read.1.tlog
C:\Users\leniker\Desktop\LAPR V\Graphs4Social_3D\Debug\link.7864.write.1.tlog
C:\Users\leniker\Desktop\LAPR V\Graphs4Social_3D\Debug\link.8440-cvtres.read.1.tlog
C:\Users\leniker\Desktop\LAPR V\Graphs4Social_3D\Debug\link.8440-cvtres.write.1.tlog
C:\Users\leniker\Desktop\LAPR V\Graphs4Social_3D\Debug\link.8440-rc.read.1.tlog
C:\Users\leniker\Desktop\LAPR V\Graphs4Social_3D\Debug\link.8440-rc.write.1.tlog
C:\Users\leniker\Desktop\LAPR V\Graphs4Social_3D\Debug\link.8440.read.1.tlog
C:\Users\leniker\Desktop\LAPR V\Graphs4Social_3D\Debug\link.8440.write.1.tlog
C:\Users\leniker\Desktop\LAPR V\Graphs4Social_3D\Debug\link.command.1.tlog
C:\Users\leniker\Desktop\LAPR V\Graphs4Social_3D\Debug\link.read.1.tlog
C:\Users\leniker\Desktop\LAPR V\Graphs4Social_3D\Debug\link.write.1.tlog
C:\Users\leniker\Desktop\LAPR V\Graphs4Social_3D\Debug\rc.command.1.tlog
C:\Users\leniker\Desktop\LAPR V\Graphs4Social_3D\Debug\rc.read.1.tlog
C:\Users\leniker\Desktop\LAPR V\Graphs4Social_3D\Debug\rc.write.1.tlog
C:\Users\leniker\Desktop\LAPR V\Graphs4Social_3D\Debug\vc110.idb
C:\Users\leniker\Desktop\LAPR V\Graphs4Social_3D\Debug\Lapr5.pdb
C:\Users\leniker\Desktop\LAPR V\Graphs4Social_3D\Debug\vc110.pdb
C:\Users\leniker\Desktop\LAPR V\Graphs4Social_3D\Debug\Lapr5.exe
